<?xml version="1.0" encoding="utf-8"?><testsuites name="pytest tests"><testsuite name="pytest" errors="0" failures="0" skipped="0" tests="15" time="59.975" timestamp="2026-09-13T00:39:42.064790+08:00" hostname="DESKTOP-OSK7SFS"><testcase classname="reports.test_pirc9_docker" name="test_navigation_ignores_late_previous_page_response" time="4.886" /><testcase classname="reports.test_pirc9_docker" name="test_import_preview_survives_navigation" time="3.487" /><testcase classname="reports.test_pirc9_docker" name="test_partial_refund_uses_allocated_amount" time="0.226" /><testcase classname="reports.test_pirc9_docker" name="test_aa_summary_preserves_individual_case_income_expense" time="0.329" /><testcase classname="reports.test_pirc9_docker" name="test_nested_revoke_refreshes_parent_and_allows_next_operation" time="4.672" /><testcase classname="reports.test_pirc9_docker" name="test_revoked_review_exposes_edit" time="3.814" /><testcase classname="reports.test_pirc9_docker" name="test_account_edit_reopens_with_effective_value" time="3.593" /><testcase classname="reports.test_pirc9_docker" name="test_double_submit_is_one_command" time="4.302" /><testcase classname="reports.test_pirc9_docker" name="test_tag_restore_after_merge_returns_actionable_result" time="3.228" /><testcase classname="reports.test_pirc9_docker" name="test_ui_import_tag_account_review_and_duplicate_import" time="7.063" /><testcase classname="reports.test_pirc9_docker" name="test_ledger_filter_and_pagination" time="3.394" /><testcase classname="reports.test_pirc9_docker" name="test_invalid_preview_does_not_write_ledger" time="0.070" /><testcase classname="reports.test_pirc9_docker" name="test_fact_conflict_dismiss_reopen_resolve_via_ui" time="4.631" /><testcase classname="reports.test_pirc9_docker" name="test_old_pending_case_remains_accessible_after_200_new_cases" time="9.957" /><testcase classname="reports.test_pirc9_docker" name="test_dialog_error_is_visible_above_modal_backdrop" time="4.234" /></testsuite></testsuites>