<?xml version="1.0" encoding="utf-8"?><testsuites name="pytest tests"><testsuite name="pytest" errors="0" failures="10" skipped="0" tests="14" time="61.377" timestamp="2026-09-12T23:54:38.514847+08:00" hostname="DESKTOP-OSK7SFS"><testcase classname="reports.test_pirc9_docker" name="test_navigation_ignores_late_previous_page_response" time="7.824"><failure message="AssertionError: Late ledger response replaced the tags page&#10;assert 0 == 1&#10; +  where 0 = count()&#10; +    where count = &lt;Locator frame=&lt;Frame name= url='http://127.0.0.1:18765/#tags'&gt; selector='[data-action=&quot;new-view&quot;]'&gt;.count&#10; +      where &lt;Locator frame=&lt;Frame name= url='http://127.0.0.1:18765/#tags'&gt; selector='[data-action=&quot;new-view&quot;]'&gt; = locator('[data-action=&quot;new-view&quot;]')&#10; +        where locator = &lt;Page url='http://127.0.0.1:18765/#tags'&gt;.locator">reports\test_pirc9_regressions.py:119: in test_navigation_ignores_late_previous_page_response
    assert page.locator('[data-action="new-view"]').count() == 1, 'Late ledger response replaced the tags page'
E   AssertionError: Late ledger response replaced the tags page
E   assert 0 == 1
E    +  where 0 = count()
E    +    where count = &lt;Locator frame=&lt;Frame name= url='http://127.0.0.1:18765/#tags'&gt; selector='[data-action="new-view"]'&gt;.count
E    +      where &lt;Locator frame=&lt;Frame name= url='http://127.0.0.1:18765/#tags'&gt; selector='[data-action="new-view"]'&gt; = locator('[data-action="new-view"]')
E    +        where locator = &lt;Page url='http://127.0.0.1:18765/#tags'&gt;.locator</failure></testcase><testcase classname="reports.test_pirc9_docker" name="test_import_preview_survives_navigation" time="3.145"><failure message="AssertionError: Preview remains in state but cannot be confirmed after returning&#10;assert 0 == 1&#10; +  where 0 = count()&#10; +    where count = &lt;Locator frame=&lt;Frame name= url='http://127.0.0.1:18765/#import'&gt; selector='[data-action=&quot;confirm-import&quot;]'&gt;.count&#10; +      where &lt;Locator frame=&lt;Frame name= url='http://127.0.0.1:18765/#import'&gt; selector='[data-action=&quot;confirm-import&quot;]'&gt; = locator('[data-action=&quot;confirm-import&quot;]')&#10; +        where locator = &lt;Page url='http://127.0.0.1:18765/#import'&gt;.locator">reports\test_pirc9_regressions.py:171: in test_import_preview_survives_navigation
    assert page.locator('[data-action="confirm-import"]').count() == 1, 'Preview remains in state but cannot be confirmed after returning'
E   AssertionError: Preview remains in state but cannot be confirmed after returning
E   assert 0 == 1
E    +  where 0 = count()
E    +    where count = &lt;Locator frame=&lt;Frame name= url='http://127.0.0.1:18765/#import'&gt; selector='[data-action="confirm-import"]'&gt;.count
E    +      where &lt;Locator frame=&lt;Frame name= url='http://127.0.0.1:18765/#import'&gt; selector='[data-action="confirm-import"]'&gt; = locator('[data-action="confirm-import"]')
E    +        where locator = &lt;Page url='http://127.0.0.1:18765/#import'&gt;.locator</failure></testcase><testcase classname="reports.test_pirc9_docker" name="test_partial_refund_uses_allocated_amount" time="0.257"><failure message="AssertionError: {'amount_scale': 2, 'currency_code': 'CNY', 'expense_value': 30000, 'income_value': 0, ...}&#10;assert 10000 == 6000">reports\test_pirc9_docker.py:104: in test_partial_refund_uses_allocated_amount
    assert total['refund_offset_value'] == 6000, total
E   AssertionError: {'amount_scale': 2, 'currency_code': 'CNY', 'expense_value': 30000, 'income_value': 0, ...}
E   assert 10000 == 6000</failure></testcase><testcase classname="reports.test_pirc9_docker" name="test_aa_summary_preserves_individual_case_income_expense" time="0.249"><failure message="AssertionError: {'amount_scale': 2, 'currency_code': 'CNY', 'expense_value': 0, 'income_value': 1000, ...}&#10;assert (1000, 0) == (5000, 4000)&#10;  &#10;  At index 0 diff: 1000 != 5000&#10;  Use -v to get more diff">reports\test_pirc9_docker.py:112: in test_aa_summary_preserves_individual_case_income_expense
    assert (total['income_value'], total['expense_value']) == (5000, 4000), total
E   AssertionError: {'amount_scale': 2, 'currency_code': 'CNY', 'expense_value': 0, 'income_value': 1000, ...}
E   assert (1000, 0) == (5000, 4000)
E
E     At index 0 diff: 1000 != 5000
E     Use -v to get more diff</failure></testcase><testcase classname="reports.test_pirc9_docker" name="test_nested_revoke_refreshes_parent_and_allows_next_operation" time="3.799"><failure message="AssertionError: {&quot;detail&quot;:&quot;ledger projection changed; reload before correcting the account&quot;}&#10;assert 409 == 200&#10; +  where 409 = &lt;Response url='http://127.0.0.1:18765/paam/review/v1/account/set/7' request=&lt;Request url='http://127.0.0.1:18765/paam/review/v1/account/set/7' method='PUT'&gt;&gt;.status&#10; +    where &lt;Response url='http://127.0.0.1:18765/paam/review/v1/account/set/7' request=&lt;Request url='http://127.0.0.1:18765/paam/review/v1/account/set/7' method='PUT'&gt;&gt; = &lt;playwright._impl._sync_base.EventInfo object at 0x0000026ACE7C3DF0&gt;.value">reports\test_pirc9_docker.py:126: in test_nested_revoke_refreshes_parent_and_allows_next_operation
    assert result.value.status == 200, result.value.text()
E   AssertionError: {"detail":"ledger projection changed; reload before correcting the account"}
E   assert 409 == 200
E    +  where 409 = &lt;Response url='http://127.0.0.1:18765/paam/review/v1/account/set/7' request=&lt;Request url='http://127.0.0.1:18765/paam/review/v1/account/set/7' method='PUT'&gt;&gt;.status
E    +    where &lt;Response url='http://127.0.0.1:18765/paam/review/v1/account/set/7' request=&lt;Request url='http://127.0.0.1:18765/paam/review/v1/account/set/7' method='PUT'&gt;&gt; = &lt;playwright._impl._sync_base.EventInfo object at 0x0000026ACE7C3DF0&gt;.value</failure></testcase><testcase classname="reports.test_pirc9_docker" name="test_revoked_review_exposes_edit" time="3.928"><failure message="assert 0 == 1&#10; +  where 0 = count()&#10; +    where count = &lt;Locator frame=&lt;Frame name= url='http://127.0.0.1:18765/#reviews'&gt; selector='[data-action=&quot;edit-review&quot;]'&gt;.count&#10; +      where &lt;Locator frame=&lt;Frame name= url='http://127.0.0.1:18765/#reviews'&gt; selector='[data-action=&quot;edit-review&quot;]'&gt; = locator('[data-action=&quot;edit-review&quot;]')&#10; +        where locator = &lt;Page url='http://127.0.0.1:18765/#reviews'&gt;.locator">reports\test_pirc9_docker.py:133: in test_revoked_review_exposes_edit
    assert page.locator('[data-action="edit-review"]').count() == 1
E   assert 0 == 1
E    +  where 0 = count()
E    +    where count = &lt;Locator frame=&lt;Frame name= url='http://127.0.0.1:18765/#reviews'&gt; selector='[data-action="edit-review"]'&gt;.count
E    +      where &lt;Locator frame=&lt;Frame name= url='http://127.0.0.1:18765/#reviews'&gt; selector='[data-action="edit-review"]'&gt; = locator('[data-action="edit-review"]')
E    +        where locator = &lt;Page url='http://127.0.0.1:18765/#reviews'&gt;.locator</failure></testcase><testcase classname="reports.test_pirc9_docker" name="test_account_edit_reopens_with_effective_value" time="3.756"><failure message="AssertionError: assert 'd937ffb69c05...4a93f4dcbe5bc' == 'docker-corrected-wallet'&#10;  &#10;  - docker-corrected-wallet&#10;  + d937ffb69c05fb2dc8683ff24592541940d740bda5d516d6e2d4a93f4dcbe5bc">reports\test_pirc9_docker.py:146: in test_account_edit_reopens_with_effective_value
    assert page.locator('[name="account_code"]').input_value() == 'docker-corrected-wallet'
E   AssertionError: assert 'd937ffb69c05...4a93f4dcbe5bc' == 'docker-corrected-wallet'
E
E     - docker-corrected-wallet
E     + d937ffb69c05fb2dc8683ff24592541940d740bda5d516d6e2d4a93f4dcbe5bc</failure></testcase><testcase classname="reports.test_pirc9_docker" name="test_double_submit_is_one_command" time="3.931"><failure message="AssertionError: Created 2 cases for one double submission&#10;assert 2 == 1&#10; +  where 2 = len([{'allocation_status': 'COMPLETE', 'created_time': '2026-09-12T15:55:06.971255', 'history': [{'actor': 'local-user', '...'lines': [{...}], 'result': {}, ...}, 'before': {}, 'created_time': '2026-09-12T15:55:06.930689', ...}], 'id': 7, ...}])">reports\test_pirc9_docker.py:159: in test_double_submit_is_one_command
    assert len(matching) == 1, f'Created {len(matching)} cases for one double submission'
E   AssertionError: Created 2 cases for one double submission
E   assert 2 == 1
E    +  where 2 = len([{'allocation_status': 'COMPLETE', 'created_time': '2026-09-12T15:55:06.971255', 'history': [{'actor': 'local-user', '...'lines': [{...}], 'result': {}, ...}, 'before': {}, 'created_time': '2026-09-12T15:55:06.930689', ...}], 'id': 7, ...}])</failure></testcase><testcase classname="reports.test_pirc9_docker" name="test_tag_restore_after_merge_returns_actionable_result" time="3.280"><failure message="AssertionError: Internal Server Error&#10;assert 500 in (200, 409, 422)&#10; +  where 500 = &lt;Response url='http://127.0.0.1:18765/paam/tag/v1/view/status/1' request=&lt;Request url='http://127.0.0.1:18765/paam/tag/v1/view/status/1' method='PUT'&gt;&gt;.status&#10; +    where &lt;Response url='http://127.0.0.1:18765/paam/tag/v1/view/status/1' request=&lt;Request url='http://127.0.0.1:18765/paam/tag/v1/view/status/1' method='PUT'&gt;&gt; = &lt;playwright._impl._sync_base.EventInfo object at 0x0000026ACE8BB3D0&gt;.value">reports\test_pirc9_docker.py:178: in test_tag_restore_after_merge_returns_actionable_result
    assert response.value.status in (200, 409, 422), response.value.text()
E   AssertionError: Internal Server Error
E   assert 500 in (200, 409, 422)
E    +  where 500 = &lt;Response url='http://127.0.0.1:18765/paam/tag/v1/view/status/1' request=&lt;Request url='http://127.0.0.1:18765/paam/tag/v1/view/status/1' method='PUT'&gt;&gt;.status
E    +    where &lt;Response url='http://127.0.0.1:18765/paam/tag/v1/view/status/1' request=&lt;Request url='http://127.0.0.1:18765/paam/tag/v1/view/status/1' method='PUT'&gt;&gt; = &lt;playwright._impl._sync_base.EventInfo object at 0x0000026ACE8BB3D0&gt;.value</failure></testcase><testcase classname="reports.test_pirc9_docker" name="test_ui_import_tag_account_review_and_duplicate_import" time="6.752" /><testcase classname="reports.test_pirc9_docker" name="test_ledger_filter_and_pagination" time="3.206" /><testcase classname="reports.test_pirc9_docker" name="test_invalid_preview_does_not_write_ledger" time="0.085" /><testcase classname="reports.test_pirc9_docker" name="test_fact_conflict_dismiss_reopen_resolve_via_ui" time="4.863" /><testcase classname="reports.test_pirc9_docker" name="test_old_pending_case_remains_accessible_after_200_new_cases" time="13.436"><failure message="AssertionError: Pending review is truncated with no pagination or filter&#10;assert 0 == 1&#10; +  where 0 = count()&#10; +    where count = &lt;Locator frame=&lt;Frame name= url='http://127.0.0.1:18765/#reviews'&gt; selector='[data-action=&quot;review-detail&quot;][data-id=&quot;15&quot;]'&gt;.count&#10; +      where &lt;Locator frame=&lt;Frame name= url='http://127.0.0.1:18765/#reviews'&gt; selector='[data-action=&quot;review-detail&quot;][data-id=&quot;15&quot;]'&gt; = locator('[data-action=&quot;review-detail&quot;][data-id=&quot;15&quot;]')&#10; +        where locator = &lt;Page url='http://127.0.0.1:18765/#reviews'&gt;.locator">reports\test_pirc9_docker.py:318: in test_old_pending_case_remains_accessible_after_200_new_cases
    assert page.locator(f'[data-action="review-detail"][data-id="{oldest["id"]}"]').count() == 1, 'Pending review is truncated with no pagination or filter'
E   AssertionError: Pending review is truncated with no pagination or filter
E   assert 0 == 1
E    +  where 0 = count()
E    +    where count = &lt;Locator frame=&lt;Frame name= url='http://127.0.0.1:18765/#reviews'&gt; selector='[data-action="review-detail"][data-id="15"]'&gt;.count
E    +      where &lt;Locator frame=&lt;Frame name= url='http://127.0.0.1:18765/#reviews'&gt; selector='[data-action="review-detail"][data-id="15"]'&gt; = locator('[data-action="review-detail"][data-id="15"]')
E    +        where locator = &lt;Page url='http://127.0.0.1:18765/#reviews'&gt;.locator</failure></testcase></testsuite></testsuites>
